# JRE version: Java(TM) SE Runtime Environment (8.0_73-b02) (build 1.8.0_73-b02)
# Java VM: Java HotSpot(TM) 64-Bit Server VM (25.73-b02 mixed mode bsd-amd64 compressed oops)
Heap:
 PSYoungGen      total 295424K, used 242688K [0x00000007aab00000, 0x00000007c0000000, 0x00000007c0000000)
  eden space 242688K, 100% used [0x00000007aab00000,0x00000007b9800000,0x00000007b9800000)
  from space 52736K, 0% used [0x00000007bcc80000,0x00000007bcc80000,0x00000007c0000000)
  to   space 53248K, 0% used [0x00000007b9800000,0x00000007b9800000,0x00000007bcc00000)
 ParOldGen       total 141824K, used 135253K [0x0000000780000000, 0x0000000788a80000, 0x00000007aab00000)
  object space 141824K, 95% used [0x0000000780000000,0x00000007884156e8,0x0000000788a80000)
 Metaspace       used 115593K, capacity 123924K, committed 124376K, reserved 1155072K
  class space    used 16818K, capacity 19574K, committed 19672K, reserved 1048576K
GC Heap History (10 events):
Event: 800.437 GC heap after
Heap after GC invocations=27 (full 8):
 PSYoungGen      total 289280K, used 0K [0x00000007aab00000, 0x00000007c0000000, 0x00000007c0000000)
  eden space 248320K, 0% used [0x00000007aab00000,0x00000007aab00000,0x00000007b9d80000)
  from space 40960K, 0% used [0x00000007b9d80000,0x00000007b9d80000,0x00000007bc580000)
  to   space 53248K, 0% used [0x00000007bcc00000,0x00000007bcc00000,0x00000007c0000000)
 ParOldGen       total 141824K, used 120633K [0x0000000780000000, 0x0000000788a80000, 0x00000007aab00000)
  object space 141824K, 85% used [0x0000000780000000,0x00000007875ce730,0x0000000788a80000)
 Metaspace       used 92845K, capacity 99036K, committed 99544K, reserved 1132544K
  class space    used 13394K, capacity 15434K, committed 15576K, reserved 1048576K
}
Event: 913.109 GC heap before
{Heap before GC invocations=28 (full 8):
 PSYoungGen      total 289280K, used 248320K [0x00000007aab00000, 0x00000007c0000000, 0x00000007c0000000)
  eden space 248320K, 100% used [0x00000007aab00000,0x00000007b9d80000,0x00000007b9d80000)
  from space 40960K, 0% used [0x00000007b9d80000,0x00000007b9d80000,0x00000007bc580000)
  to   space 53248K, 0% used [0x00000007bcc00000,0x00000007bcc00000,0x00000007c0000000)
 ParOldGen       total 141824K, used 120633K [0x0000000780000000, 0x0000000788a80000, 0x00000007aab00000)
  object space 141824K, 85% used [0x0000000780000000,0x00000007875ce730,0x0000000788a80000)
 Metaspace       used 99820K, capacity 106990K, committed 107224K, reserved 1140736K
  class space    used 14458K, capacity 16771K, committed 16856K, reserved 1048576K
Event: 913.231 GC heap after
Heap after GC invocations=28 (full 8):
 PSYoungGen      total 298496K, used 23442K [0x00000007aab00000, 0x00000007c0000000, 0x00000007c0000000)
  eden space 245248K, 0% used [0x00000007aab00000,0x00000007aab00000,0x00000007b9a80000)
  from space 53248K, 44% used [0x00000007bcc00000,0x00000007be2e4b90,0x00000007c0000000)
  to   space 50688K, 0% used [0x00000007b9a80000,0x00000007b9a80000,0x00000007bcc00000)
 ParOldGen       total 141824K, used 120641K [0x0000000780000000, 0x0000000788a80000, 0x00000007aab00000)
  object space 141824K, 85% used [0x0000000780000000,0x00000007875d0730,0x0000000788a80000)
 Metaspace       used 99820K, capacity 106990K, committed 107224K, reserved 1140736K
  class space    used 14458K, capacity 16771K, committed 16856K, reserved 1048576K
}
Event: 1022.116 GC heap before
{Heap before GC invocations=29 (full 8):
 PSYoungGen      total 298496K, used 268690K [0x00000007aab00000, 0x00000007c0000000, 0x00000007c0000000)
  eden space 245248K, 100% used [0x00000007aab00000,0x00000007b9a80000,0x00000007b9a80000)
  from space 53248K, 44% used [0x00000007bcc00000,0x00000007be2e4b90,0x00000007c0000000)
  to   space 50688K, 0% used [0x00000007b9a80000,0x00000007b9a80000,0x00000007bcc00000)
 ParOldGen       total 141824K, used 120641K [0x0000000780000000, 0x0000000788a80000, 0x00000007aab00000)
  object space 141824K, 85% used [0x0000000780000000,0x00000007875d0730,0x0000000788a80000)
 Metaspace       used 106847K, capacity 114766K, committed 114904K, reserved 1146880K
  class space    used 15515K, capacity 18097K, committed 18136K, reserved 1048576K
Event: 1022.219 GC heap after
Heap after GC invocations=29 (full 8):
 PSYoungGen      total 295936K, used 35021K [0x00000007aab00000, 0x00000007c0000000, 0x00000007c0000000)
  eden space 245248K, 0% used [0x00000007aab00000,0x00000007aab00000,0x00000007b9a80000)
  from space 50688K, 69% used [0x00000007b9a80000,0x00000007bbcb3490,0x00000007bcc00000)
  to   space 52736K, 0% used [0x00000007bcc80000,0x00000007bcc80000,0x00000007c0000000)
 ParOldGen       total 141824K, used 120649K [0x0000000780000000, 0x0000000788a80000, 0x00000007aab00000)
  object space 141824K, 85% used [0x0000000780000000,0x00000007875d2730,0x0000000788a80000)
 Metaspace       used 106847K, capacity 114766K, committed 114904K, reserved 1146880K
  class space    used 15515K, capacity 18097K, committed 18136K, reserved 1048576K
}
Event: 1023.770 GC heap before
{Heap before GC invocations=30 (full 8):
 PSYoungGen      total 295936K, used 133679K [0x00000007aab00000, 0x00000007c0000000, 0x00000007c0000000)
  eden space 245248K, 40% used [0x00000007aab00000,0x00000007b0b58948,0x00000007b9a80000)
  from space 50688K, 69% used [0x00000007b9a80000,0x00000007bbcb3490,0x00000007bcc00000)
  to   space 52736K, 0% used [0x00000007bcc80000,0x00000007bcc80000,0x00000007c0000000)
 ParOldGen       total 141824K, used 120649K [0x0000000780000000, 0x0000000788a80000, 0x00000007aab00000)
  object space 141824K, 85% used [0x0000000780000000,0x00000007875d2730,0x0000000788a80000)
 Metaspace       used 109183K, capacity 117238K, committed 117464K, reserved 1148928K
  class space    used 15917K, capacity 18557K, committed 18648K, reserved 1048576K
Event: 1023.837 GC heap after
Heap after GC invocations=30 (full 8):
 PSYoungGen      total 295424K, used 32166K [0x00000007aab00000, 0x00000007c0000000, 0x00000007c0000000)
  eden space 242688K, 0% used [0x00000007aab00000,0x00000007aab00000,0x00000007b9800000)
  from space 52736K, 60% used [0x00000007bcc80000,0x00000007bebe9958,0x00000007c0000000)
  to   space 53248K, 0% used [0x00000007b9800000,0x00000007b9800000,0x00000007bcc00000)
 ParOldGen       total 141824K, used 120657K [0x0000000780000000, 0x0000000788a80000, 0x00000007aab00000)
  object space 141824K, 85% used [0x0000000780000000,0x00000007875d4730,0x0000000788a80000)
 Metaspace       used 109183K, capacity 117238K, committed 117464K, reserved 1148928K
  class space    used 15917K, capacity 18557K, committed 18648K, reserved 1048576K
}
Event: 1023.837 GC heap before
{Heap before GC invocations=31 (full 9):
 PSYoungGen      total 295424K, used 32166K [0x00000007aab00000, 0x00000007c0000000, 0x00000007c0000000)
  eden space 242688K, 0% used [0x00000007aab00000,0x00000007aab00000,0x00000007b9800000)
  from space 52736K, 60% used [0x00000007bcc80000,0x00000007bebe9958,0x00000007c0000000)
  to   space 53248K, 0% used [0x00000007b9800000,0x00000007b9800000,0x00000007bcc00000)
 ParOldGen       total 141824K, used 120657K [0x0000000780000000, 0x0000000788a80000, 0x00000007aab00000)
  object space 141824K, 85% used [0x0000000780000000,0x00000007875d4730,0x0000000788a80000)
 Metaspace       used 109183K, capacity 117238K, committed 117464K, reserved 1148928K
  class space    used 15917K, capacity 18557K, committed 18648K, reserved 1048576K
Event: 1025.233 GC heap after
Heap after GC invocations=31 (full 9):
 PSYoungGen      total 295424K, used 0K [0x00000007aab00000, 0x00000007c0000000, 0x00000007c0000000)
  eden space 242688K, 0% used [0x00000007aab00000,0x00000007aab00000,0x00000007b9800000)
  from space 52736K, 0% used [0x00000007bcc80000,0x00000007bcc80000,0x00000007c0000000)
  to   space 53248K, 0% used [0x00000007b9800000,0x00000007b9800000,0x00000007bcc00000)
 ParOldGen       total 141824K, used 135253K [0x0000000780000000, 0x0000000788a80000, 0x00000007aab00000)
  object space 141824K, 95% used [0x0000000780000000,0x00000007884156e8,0x0000000788a80000)
 Metaspace       used 108855K, capacity 116504K, committed 117464K, reserved 1148928K
  class space    used 15804K, capacity 18326K, committed 18648K, reserved 1048576K
}
Event: 1653.389 GC heap before
{Heap before GC invocations=32 (full 10):
 PSYoungGen      total 295424K, used 242688K [0x00000007aab00000, 0x00000007c0000000, 0x00000007c0000000)
  eden space 242688K, 100% used [0x00000007aab00000,0x00000007b9800000,0x00000007b9800000)
  from space 52736K, 0% used [0x00000007bcc80000,0x00000007bcc80000,0x00000007c0000000)
  to   space 53248K, 0% used [0x00000007b9800000,0x00000007b9800000,0x00000007bcc00000)
 ParOldGen       total 141824K, used 135253K [0x0000000780000000, 0x0000000788a80000, 0x00000007aab00000)
  object space 141824K, 95% used [0x0000000780000000,0x00000007884156e8,0x0000000788a80000)
 Metaspace       used 115593K, capacity 123924K, committed 124376K, reserved 1155072K
  class space    used 16818K, capacity 19574K, committed 19672K, reserved 1048576K

